openat(AT_FDCWD, "/etc/ld.so.cache", O_RDONLY|O_CLOEXEC) = 3
mmap(NULL, 79586, PROT_READ, MAP_PRIVATE, 3, 0) = 0x7f8aa79ad000
openat(AT_FDCWD, "/lib/x86_64-linux-gnu/librt.so.1", O_RDONLY|O_CLOEXEC) = 3
read(3, "\177ELF\2\1\1\0\0\0\0\0\0\0\0\0\3\0>\0\1\0\0\0 7\0\0\0\0\0\0"..., 832) = 832
mmap(NULL, 8192, PROT_READ|PROT_WRITE, MAP_PRIVATE|MAP_ANONYMOUS, -1, 0) = 0x7f8aa79ab000
mmap(NULL, 44000, PROT_READ, MAP_PRIVATE|MAP_DENYWRITE, 3, 0) = 0x7f8aa79a0000
mmap(0x7f8aa79a3000, 16384, PROT_READ|PROT_EXEC, MAP_PRIVATE|MAP_FIXED|MAP_DENYWRITE, 3, 0x3000) = 0x7f8aa79a3000
mmap(0x7f8aa79a7000, 4096, PROT_READ, MAP_PRIVATE|MAP_FIXED|MAP_DENYWRITE, 3, 0x7000) = 0x7f8aa79a7000
mmap(0x7f8aa79a9000, 8192, PROT_READ|PROT_WRITE, MAP_PRIVATE|MAP_FIXED|MAP_DENYWRITE, 3, 0x8000) = 0x7f8aa79a9000
openat(AT_FDCWD, "/lib/x86_64-linux-gnu/libc.so.6", O_RDONLY|O_CLOEXEC) = 3
read(3, "\177ELF\2\1\1\3\0\0\0\0\0\0\0\0\3\0>\0\1\0\0\0\360q\2\0\0\0\0\0"..., 832) = 832
mmap(NULL, 2036952, PROT_READ, MAP_PRIVATE|MAP_DENYWRITE, 3, 0) = 0x7f8aa77ae000
mmap(0x7f8aa77d3000, 1540096, PROT_READ|PROT_EXEC, MAP_PRIVATE|MAP_FIXED|MAP_DENYWRITE, 3, 0x25000) = 0x7f8aa77d3000
mmap(0x7f8aa794b000, 303104, PROT_READ, MAP_PRIVATE|MAP_FIXED|MAP_DENYWRITE, 3, 0x19d000) = 0x7f8aa794b000
mmap(0x7f8aa7996000, 24576, PROT_READ|PROT_WRITE, MAP_PRIVATE|MAP_FIXED|MAP_DENYWRITE, 3, 0x1e7000) = 0x7f8aa7996000
mmap(0x7f8aa799c000, 13528, PROT_READ|PROT_WRITE, MAP_PRIVATE|MAP_FIXED|MAP_ANONYMOUS, -1, 0) = 0x7f8aa799c000
openat(AT_FDCWD, "/lib/x86_64-linux-gnu/libpthread.so.0", O_RDONLY|O_CLOEXEC) = 3
read(3, "\177ELF\2\1\1\0\0\0\0\0\0\0\0\0\3\0>\0\1\0\0\0\220\201\0\0\0\0\0\0"..., 832) = 832
mmap(NULL, 140408, PROT_READ, MAP_PRIVATE|MAP_DENYWRITE, 3, 0) = 0x7f8aa778b000
mmap(0x7f8aa7792000, 69632, PROT_READ|PROT_EXEC, MAP_PRIVATE|MAP_FIXED|MAP_DENYWRITE, 3, 0x7000) = 0x7f8aa7792000
mmap(0x7f8aa77a3000, 20480, PROT_READ, MAP_PRIVATE|MAP_FIXED|MAP_DENYWRITE, 3, 0x18000) = 0x7f8aa77a3000
mmap(0x7f8aa77a8000, 8192, PROT_READ|PROT_WRITE, MAP_PRIVATE|MAP_FIXED|MAP_DENYWRITE, 3, 0x1c000) = 0x7f8aa77a8000
mmap(0x7f8aa77aa000, 13432, PROT_READ|PROT_WRITE, MAP_PRIVATE|MAP_FIXED|MAP_ANONYMOUS, -1, 0) = 0x7f8aa77aa000
mmap(NULL, 12288, PROT_READ|PROT_WRITE, MAP_PRIVATE|MAP_ANONYMOUS, -1, 0) = 0x7f8aa7788000
openat(AT_FDCWD, "./REQ_PIPE_25380", O_RDONLY) = 3
openat(AT_FDCWD, "./RESP_PIPE_25380", O_WRONLY) = 4
read(3, "\n", 1)                        = 1
read(3, "CREATE_SHM", 10)               = 10
read(3, "\r9+\0", 4)                    = 4
openat(AT_FDCWD, "/dev/shm/cJuRVmFI", O_RDWR|O_CREAT|O_NOFOLLOW|O_CLOEXEC, 0664) = 5
mmap(NULL, 2832653, PROT_READ|PROT_WRITE, MAP_SHARED, 5, 0) = 0x7f8aa74d4000
read(3, "\10", 1)                       = 1
read(3, "MAP_FILE", 8)                  = 8
read(3, "\30", 1)                       = 1
read(3, "test_root/hqVpMp4tcW.0SJ", 24) = 24
openat(AT_FDCWD, "test_root/hqVpMp4tcW.0SJ", O_RDONLY) = 6
mmap(NULL, 72315, PROT_READ, MAP_SHARED, 6, 0) = 0x7f8aa79af000
read(3, "\36", 1)                       = 1
read(3, "READ_FROM_LOGICAL_SPACE_OFFSET", 30) = 30
read(3, "`]\0\0", 4)                    = 4
read(3, "g\1\0\0", 4)                   = 4
read(3, "\36", 1)                       = 1
read(3, "READ_FROM_LOGICAL_SPACE_OFFSET", 30) = 30
read(3, "\6n\0\0", 4)                   = 4
read(3, "l\3\0\0", 4)                   = 4
read(3, "\36", 1)                       = 1
read(3, "READ_FROM_LOGICAL_SPACE_OFFSET", 30) = 30
read(3, "\365\333\0\0", 4)              = 4
read(3, "\354\n\0\0", 4)                = 4
read(3, "\36", 1)                       = 1
read(3, "READ_FROM_LOGICAL_SPACE_OFFSET", 30) = 30
read(3, "\252-\1\0", 4)                 = 4
read(3, "\255\4\0\0", 4)                = 4
read(3, "\4", 1)                        = 1
read(3, "EXIT", 4)                      = 4
+++ exited with 0 +++
